  Overlay.cpp
C:\Users\pc1\source\repos\opengl-overlay\Overlay\src\include\Overlay\Overlay.cpp(172,57): warning C4244: 'argument': conversion from 'int' to 'float', possible loss of data
C:\Users\pc1\source\repos\opengl-overlay\Overlay\src\include\Overlay\Overlay.cpp(172,23): warning C4244: 'argument': conversion from 'int' to 'float', possible loss of data
C:\Users\pc1\source\repos\opengl-overlay\Overlay\src\include\Overlay\Overlay.cpp(183,78): warning C4244: 'argument': conversion from 'int' to 'float', possible loss of data
C:\Users\pc1\source\repos\opengl-overlay\Overlay\src\include\Overlay\Overlay.cpp(183,44): warning C4244: 'argument': conversion from 'int' to 'float', possible loss of data
C:\Users\pc1\source\repos\opengl-overlay\Overlay\src\include\Overlay\Overlay.cpp(191,70): warning C4244: 'argument': conversion from 'int' to 'float', possible loss of data
C:\Users\pc1\source\repos\opengl-overlay\Overlay\src\include\Overlay\Overlay.cpp(191,36): warning C4244: 'argument': conversion from 'int' to 'float', possible loss of data
C:\Users\pc1\source\repos\opengl-overlay\Overlay\src\include\Overlay\Overlay.cpp(199,70): warning C4244: 'argument': conversion from 'int' to 'float', possible loss of data
C:\Users\pc1\source\repos\opengl-overlay\Overlay\src\include\Overlay\Overlay.cpp(199,36): warning C4244: 'argument': conversion from 'int' to 'float', possible loss of data
C:\Users\pc1\source\repos\opengl-overlay\Overlay\src\include\Overlay\Overlay.cpp(211,86): warning C4244: 'argument': conversion from 'int' to 'float', possible loss of data
C:\Users\pc1\source\repos\opengl-overlay\Overlay\src\include\Overlay\Overlay.cpp(217,86): warning C4244: 'argument': conversion from 'int' to 'float', possible loss of data
C:\Users\pc1\source\repos\opengl-overlay\Overlay\src\include\Overlay\Overlay.cpp(224,86): warning C4244: 'argument': conversion from 'int' to 'float', possible loss of data
C:\Users\pc1\source\repos\opengl-overlay\Overlay\src\include\Overlay\Overlay.cpp(230,86): warning C4244: 'argument': conversion from 'int' to 'float', possible loss of data
C:\Users\pc1\source\repos\opengl-overlay\Overlay\src\include\Overlay\Overlay.cpp(241,36): warning C4244: 'argument': conversion from 'int' to 'float', possible loss of data
C:\Users\pc1\source\repos\opengl-overlay\Overlay\src\include\Overlay\Overlay.cpp(242,23): warning C4244: 'argument': conversion from 'int' to 'float', possible loss of data
C:\Users\pc1\source\repos\opengl-overlay\Overlay\src\include\Overlay\Overlay.cpp(248,86): warning C4244: 'argument': conversion from 'int' to 'float', possible loss of data
C:\Users\pc1\source\repos\opengl-overlay\Overlay\src\include\Overlay\Overlay.cpp(249,91): warning C4244: 'argument': conversion from 'int' to 'float', possible loss of data
C:\Users\pc1\source\repos\opengl-overlay\Overlay\src\include\Overlay\Overlay.cpp(255,36): warning C4244: 'argument': conversion from 'int' to 'float', possible loss of data
C:\Users\pc1\source\repos\opengl-overlay\Overlay\src\include\Overlay\Overlay.cpp(256,23): warning C4244: 'argument': conversion from 'int' to 'float', possible loss of data
C:\Users\pc1\source\repos\opengl-overlay\Overlay\src\include\Overlay\Overlay.cpp(262,86): warning C4244: 'argument': conversion from 'int' to 'float', possible loss of data
C:\Users\pc1\source\repos\opengl-overlay\Overlay\src\include\Overlay\Overlay.cpp(263,91): warning C4244: 'argument': conversion from 'int' to 'float', possible loss of data
C:\Users\pc1\source\repos\opengl-overlay\Overlay\src\include\Overlay\Overlay.cpp(324,21): warning C4244: '=': conversion from 'int' to 'float', possible loss of data
C:\Users\pc1\source\repos\opengl-overlay\Overlay\src\include\Overlay\Overlay.cpp(289): warning C4715: 'Kostek::CastHud::SaveConfig': not all control paths return a value
  Overlay.vcxproj -> C:\Users\pc1\source\repos\opengl-overlay\x64\Debug\Overlay.exe
