c:\users\pc1\source\repos\opengl-overlay\overlay\x64\debug\vc143.pdb
c:\users\pc1\source\repos\opengl-overlay\overlay\x64\debug\vc143.idb
c:\users\pc1\source\repos\opengl-overlay\overlay\x64\debug\profile.obj
c:\users\pc1\source\repos\opengl-overlay\overlay\x64\debug\overlay.obj
c:\users\pc1\source\repos\opengl-overlay\overlay\x64\debug\main.obj
c:\users\pc1\source\repos\opengl-overlay\overlay\x64\debug\imgui_widgets.obj
c:\users\pc1\source\repos\opengl-overlay\overlay\x64\debug\imgui_tables.obj
c:\users\pc1\source\repos\opengl-overlay\overlay\x64\debug\imgui_impl_opengl3.obj
c:\users\pc1\source\repos\opengl-overlay\overlay\x64\debug\imgui_impl_glfw.obj
c:\users\pc1\source\repos\opengl-overlay\overlay\x64\debug\imgui_draw.obj
c:\users\pc1\source\repos\opengl-overlay\overlay\x64\debug\imgui_demo.obj
c:\users\pc1\source\repos\opengl-overlay\overlay\x64\debug\imgui.obj
c:\users\pc1\source\repos\opengl-overlay\overlay\x64\debug\cofreader.obj
c:\users\pc1\source\repos\opengl-overlay\x64\debug\overlay.exe
c:\users\pc1\source\repos\opengl-overlay\overlay\x64\debug\overlay.ilk
c:\users\pc1\source\repos\opengl-overlay\x64\debug\overlay.pdb
c:\users\pc1\source\repos\opengl-overlay\overlay\x64\debug\overlay.tlog\cl.command.1.tlog
c:\users\pc1\source\repos\opengl-overlay\overlay\x64\debug\overlay.tlog\cl.read.1.tlog
c:\users\pc1\source\repos\opengl-overlay\overlay\x64\debug\overlay.tlog\cl.write.1.tlog
c:\users\pc1\source\repos\opengl-overlay\overlay\x64\debug\overlay.tlog\link.command.1.tlog
c:\users\pc1\source\repos\opengl-overlay\overlay\x64\debug\overlay.tlog\link.read.1.tlog
c:\users\pc1\source\repos\opengl-overlay\overlay\x64\debug\overlay.tlog\link.write.1.tlog
